<?xml version="1.0" encoding="UTF-8"?>
<testsuite name="Automation test" tests="1" skipped="0" failures="0" errors="0" timestamp="2021-02-27T15:55:52" hostname="DESKTOP-P1QDTV9" time="3.201">
  <properties/>
  <testcase name="Launch browser" classname="Automation test" time="3.201"/>
  <system-out><![CDATA[
@Precondition
Scenario Outline: Launch browser              ?[90m# src/test/resources/features/test.feature:9?[0m
  ?[32mGiven ?[0m?[32mOpen ?[0m?[32m?[1m"chrome"?[0m?[32m with predefined options?[0m ?[90m# stepDefinitions.stepDefinitions.openWithPredefinedOptions(java.lang.String)?[0m
]]></system-out>
  <system-err><![CDATA[Starting ChromeDriver 88.0.4324.96 (68dba2d8a0b149a1d3afac56fa74648032bcf46b-refs/branch-heads/4324@{#1784}) on port 14471
Only local connections are allowed.
Please see https://chromedriver.chromium.org/security-considerations for suggestions on keeping ChromeDriver safe.
ChromeDriver was started successfully.
Feb 27, 2021 9:25:55 PM org.openqa.selenium.remote.ProtocolHandshake createSession
INFO: Detected dialect: W3C
]]></system-err>
</testsuite>
